[I 18:25:08.938 NotebookApp] Using EnvironmentKernelSpecManager...
[I 18:25:08.939 NotebookApp] Started periodic updates of the kernel list (every 3 minutes).
[I 18:25:09.155 NotebookApp] The port 8888 is already in use, trying another port.
[I 18:25:09.169 NotebookApp] Loading IPython parallel extension
[I 18:25:09.283 NotebookApp] JupyterLab extension loaded from /home/ubuntu/anaconda3/lib/python3.7/site-packages/jupyterlab
[I 18:25:09.283 NotebookApp] JupyterLab application directory is /home/ubuntu/anaconda3/share/jupyter/lab
[I 18:25:09.429 NotebookApp] [nb_conda] enabled
[I 18:25:09.430 NotebookApp] Serving notebooks from local directory: /home/ubuntu/rlmp/sonic
[I 18:25:09.430 NotebookApp] The Jupyter Notebook is running at:
[I 18:25:09.430 NotebookApp] http://localhost:8889/?token=dcce3f32618b65b05b3cadcdb1318021d7ed7a4a3d30279e
[I 18:25:09.430 NotebookApp]  or http://127.0.0.1:8889/?token=dcce3f32618b65b05b3cadcdb1318021d7ed7a4a3d30279e
[I 18:25:09.430 NotebookApp] Use Control-C to stop this server and shut down all kernels (twice to skip confirmation).
[C 18:25:09.433 NotebookApp] 
    
    To access the notebook, open this file in a browser:
        file:///home/ubuntu/.local/share/jupyter/runtime/nbserver-7510-open.html
    Or copy and paste one of these URLs:
        http://localhost:8889/?token=dcce3f32618b65b05b3cadcdb1318021d7ed7a4a3d30279e
     or http://127.0.0.1:8889/?token=dcce3f32618b65b05b3cadcdb1318021d7ed7a4a3d30279e
[I 18:25:09.433 NotebookApp] Starting initial scan of virtual environments...
[I 18:25:11.370 NotebookApp] Found new kernels in environments: conda_anaconda3, conda_pytorch_latest_p36, conda_python3, conda_aws_neuron_mxnet_p36, conda_pytorch_p27, conda_tensorflow_p27, conda_pytorch_p36, conda_mxnet_p27, conda_tensorflow2_p27, conda_chainer_p36, conda_python2, conda_aws_neuron_tensorflow_p36, conda_tensorflow2_latest_p37, conda_tensorflow_p36, conda_tensorflow2_p36, conda_aws_neuron_pytorch_p36, conda_mxnet_p36, conda_chainer_p27
